TN:
SF:src/entities/User.ts
FN:12,User
FN:17,create
FNF:2
FNH:2
FNDA:1,User
FNDA:4,create
DA:1,1
DA:2,1
DA:3,1
DA:4,1
DA:5,1
DA:6,1
DA:7,1
DA:8,1
DA:9,1
DA:10,1
DA:11,1
DA:12,1
DA:13,1
DA:14,1
DA:15,1
DA:16,1
DA:17,1
DA:18,4
DA:19,4
DA:20,4
DA:21,4
DA:22,2
DA:23,2
DA:24,2
DA:25,4
DA:26,1
DA:27,1
DA:28,1
DA:29,1
DA:30,1
DA:31,1
DA:32,1
DA:33,1
DA:34,1
LF:34
LH:34
BRDA:12,0,0,1
BRDA:17,1,0,4
BRDA:21,2,0,2
BRDA:25,3,0,1
BRF:4
BRH:4
end_of_record
TN:
SF:src/entities/email.ts
FN:7,Email
FN:11,create
FN:18,validate
FNF:3
FNH:3
FNDA:3,Email
FNDA:4,create
FNDA:4,validate
DA:1,1
DA:2,1
DA:3,1
DA:4,1
DA:5,1
DA:6,1
DA:7,1
DA:8,3
DA:9,3
DA:10,1
DA:11,1
DA:12,4
DA:13,3
DA:14,3
DA:15,1
DA:16,1
DA:17,1
DA:18,1
DA:19,4
DA:20,0
DA:21,0
DA:22,4
DA:23,0
DA:24,0
DA:25,4
DA:26,4
DA:27,4
DA:28,4
DA:29,1
DA:30,1
DA:31,3
DA:32,3
DA:33,4
DA:34,0
DA:35,0
DA:36,3
DA:37,4
DA:38,0
DA:39,0
DA:40,3
DA:41,3
DA:42,3
DA:43,3
DA:44,3
DA:45,6
DA:46,3
DA:47,4
DA:48,0
DA:49,0
DA:50,3
DA:51,3
DA:52,3
DA:53,1
LF:53
LH:43
BRDA:7,0,0,3
BRDA:11,1,0,4
BRDA:12,2,0,3
BRDA:15,3,0,1
BRDA:18,4,0,4
BRDA:19,5,0,0
BRDA:22,6,0,0
BRDA:28,7,0,1
BRDA:31,8,0,3
BRDA:33,9,0,0
BRDA:36,10,0,3
BRDA:37,11,0,0
BRDA:40,12,0,3
BRDA:47,13,0,0
BRDA:50,14,0,3
BRDA:44,15,0,6
BRF:16
BRH:11
end_of_record
TN:
SF:src/entities/name.ts
FN:7,Name
FN:11,create
FN:19,validate
FNF:3
FNH:3
FNDA:2,Name
FNDA:4,create
FNDA:4,validate
DA:1,1
DA:2,1
DA:3,1
DA:4,1
DA:5,1
DA:6,1
DA:7,1
DA:8,2
DA:9,2
DA:10,1
DA:11,1
DA:12,4
DA:13,2
DA:14,2
DA:15,2
DA:16,2
DA:17,2
DA:18,1
DA:19,1
DA:20,4
DA:21,0
DA:22,0
DA:23,4
DA:24,4
DA:25,2
DA:26,2
DA:27,2
DA:28,2
DA:29,2
DA:30,1
LF:30
LH:28
BRDA:7,0,0,2
BRDA:11,1,0,4
BRDA:12,2,0,2
BRDA:19,3,0,4
BRDA:20,4,0,0
BRDA:24,5,0,3
BRDA:24,6,0,2
BRF:7
BRH:6
end_of_record
TN:
SF:src/entities/user-data.ts
FN:1,(empty-report)
FNF:1
FNH:0
FNDA:0,(empty-report)
DA:1,0
DA:2,0
DA:3,0
DA:4,0
LF:4
LH:0
BRDA:1,0,0,0
BRF:1
BRH:0
end_of_record
TN:
SF:src/entities/errors/invalid-email-error.ts
FNF:0
FNH:0
DA:1,1
DA:2,1
DA:3,1
LF:3
LH:3
BRF:0
BRH:0
end_of_record
TN:
SF:src/entities/errors/invalid-name-error.ts
FNF:0
FNH:0
DA:1,1
DA:2,1
DA:3,1
LF:3
LH:3
BRF:0
BRH:0
end_of_record
TN:
SF:src/shared/either.ts
FN:5,Left
FN:9,isLeft
FN:13,isRight
FN:21,Right
FN:25,isLeft
FN:29,isRight
FN:36,left
FN:40,right
FNF:8
FNH:6
FNDA:9,Left
FNDA:3,isLeft
FNDA:0,isRight
FNDA:6,Right
FNDA:3,isLeft
FNDA:0,isRight
FNDA:9,left
FNDA:6,right
DA:1,1
DA:2,1
DA:3,1
DA:4,1
DA:5,1
DA:6,9
DA:7,9
DA:8,1
DA:9,1
DA:10,3
DA:11,3
DA:12,1
DA:13,1
DA:14,0
DA:15,0
DA:16,1
DA:17,1
DA:18,1
DA:19,1
DA:20,1
DA:21,1
DA:22,6
DA:23,6
DA:24,1
DA:25,1
DA:26,3
DA:27,3
DA:28,1
DA:29,1
DA:30,0
DA:31,0
DA:32,1
DA:33,1
DA:34,1
DA:35,1
DA:36,1
DA:37,9
DA:38,9
DA:39,1
DA:40,1
DA:41,6
DA:42,6
LF:42
LH:38
BRDA:5,0,0,9
BRDA:9,1,0,3
BRDA:21,2,0,6
BRDA:25,3,0,3
BRDA:36,4,0,9
BRDA:40,5,0,6
BRF:6
BRH:6
end_of_record
TN:
SF:src/usecases/register-user-on-mailing-list/ports/user-repository.ts
FN:1,(empty-report)
FNF:1
FNH:0
FNDA:0,(empty-report)
DA:1,0
DA:2,0
DA:3,0
DA:4,0
DA:5,0
DA:6,0
DA:7,0
DA:8,0
LF:8
LH:0
BRDA:1,0,0,0
BRF:1
BRH:0
end_of_record
TN:
SF:src/usecases/register-user-on-mailing-list/repository/in-memory-user-repository.ts
FN:7,InMemoryUserRepository
FN:11,add
FN:18,findUserByEmail
FN:31,findAllUsers
FN:35,exists
FNF:5
FNH:5
FNDA:3,InMemoryUserRepository
FNDA:1,add
FNDA:3,findUserByEmail
FNDA:1,findAllUsers
FNDA:1,exists
DA:1,1
DA:2,1
DA:3,1
DA:4,1
DA:5,1
DA:6,1
DA:7,1
DA:8,3
DA:9,3
DA:10,1
DA:11,1
DA:12,1
DA:13,1
DA:14,1
DA:15,1
DA:16,1
DA:17,1
DA:18,1
DA:19,3
DA:20,1
DA:21,3
DA:22,3
DA:23,1
DA:24,1
DA:25,2
DA:26,0
DA:27,0
DA:28,0
DA:29,0
DA:30,1
DA:31,1
DA:32,1
DA:33,0
DA:34,1
DA:35,1
DA:36,1
DA:37,1
DA:38,1
DA:39,0
DA:40,0
DA:41,1
LF:41
LH:34
BRDA:7,0,0,3
BRDA:11,1,0,1
BRDA:18,2,0,3
BRDA:22,3,0,1
BRDA:25,4,0,2
BRDA:26,5,0,0
BRDA:19,6,0,1
BRDA:31,7,0,1
BRDA:33,8,0,0
BRDA:35,9,0,1
BRDA:39,10,0,0
BRF:11
BRH:8
end_of_record
